-------------------------------------------------------------------------------
Test set: TestSuite
-------------------------------------------------------------------------------
Tests run: 7, Failures: 1, Errors: 0, Skipped: 0, Time elapsed: 0.642 sec <<< FAILURE!
loginfromMavencmd(Contact.vtigerLoginTest)  Time elapsed: 0.001 sec  <<< FAILURE!
java.lang.NullPointerException
	at Contact.vtigerLoginTest.loginfromMavencmd(vtigerLoginTest.java:25)

