<?xml version="1.0" encoding="UTF-8"?>
<!-- Generated by org.testng.reporters.JUnitXMLReporter -->
<testsuite ignored="0" hostname="DESKTOP-58TVSAQ" failures="0" tests="4" name="Default test" time="0.119" errors="0" timestamp="2022-05-28T16:31:55 IST">
  <testcase classname="Test100Method1Method" name="groupA" time="0.017"/>
  <testcase classname="Test100Method1Method" name="groupB" time="0.007"/>
  <testcase classname="Test100Method1Method" name="groupC" time="0.006"/>
  <testcase classname="Test100Method1Method" name="groupD" time="0.002"/>
</testsuite> <!-- Default test -->
