<?xml version="1.0" encoding="UTF-8"?>
<testng-results ignored="0" total="4" passed="4" failed="0" skipped="0">
  <reporter-output>
  </reporter-output>
  <suite started-at="2022-05-28T16:31:55 IST" name="Default suite" finished-at="2022-05-28T16:31:55 IST" duration-ms="119">
    <groups>
    </groups>
    <test started-at="2022-05-28T16:31:55 IST" name="Default test" finished-at="2022-05-28T16:31:55 IST" duration-ms="119">
      <class name="Test100Method1Method">
        <test-method signature="groupA()[pri:0, instance:Test100Method1Method@d29f28]" started-at="2022-05-28T16:31:55 IST" name="groupA" finished-at="2022-05-28T16:31:55 IST" duration-ms="17" status="PASS">
          <reporter-output>
          </reporter-output>
        </test-method> <!-- groupA -->
        <test-method signature="groupB()[pri:0, instance:Test100Method1Method@d29f28]" started-at="2022-05-28T16:31:55 IST" name="groupB" finished-at="2022-05-28T16:31:55 IST" duration-ms="7" status="PASS">
          <reporter-output>
          </reporter-output>
        </test-method> <!-- groupB -->
        <test-method signature="groupC()[pri:0, instance:Test100Method1Method@d29f28]" started-at="2022-05-28T16:31:55 IST" name="groupC" finished-at="2022-05-28T16:31:55 IST" duration-ms="6" status="PASS">
          <reporter-output>
          </reporter-output>
        </test-method> <!-- groupC -->
        <test-method signature="groupD()[pri:0, instance:Test100Method1Method@d29f28]" started-at="2022-05-28T16:31:55 IST" name="groupD" finished-at="2022-05-28T16:31:55 IST" duration-ms="2" status="PASS">
          <reporter-output>
          </reporter-output>
        </test-method> <!-- groupD -->
      </class> <!-- Test100Method1Method -->
    </test> <!-- Default test -->
  </suite> <!-- Default suite -->
</testng-results>
