<?xml version="1.0" encoding="UTF-8"?>
<testng-results skipped="0" failed="0" ignored="0" total="1" passed="1">
  <reporter-output>
  </reporter-output>
  <suite name="Default suite" duration-ms="10195" started-at="2022-03-23T13:59:00 IST" finished-at="2022-03-23T13:59:10 IST">
    <groups>
    </groups>
    <test name="Default test" duration-ms="10195" started-at="2022-03-23T13:59:00 IST" finished-at="2022-03-23T13:59:10 IST">
      <class name="com.crm.vtiger.Practice.VtigerBasicTest">
        <test-method status="PASS" signature="credentials()[pri:0, instance:com.crm.vtiger.Practice.VtigerBasicTest@51e2adc7]" name="credentials" duration-ms="10084" started-at="2022-03-23T13:59:00 IST" finished-at="2022-03-23T13:59:10 IST">
          <reporter-output>
          </reporter-output>
        </test-method> <!-- credentials -->
      </class> <!-- com.crm.vtiger.Practice.VtigerBasicTest -->
    </test> <!-- Default test -->
  </suite> <!-- Default suite -->
</testng-results>
